app/build/intermediates/manifest_merge_blame_file/debug/manifest-merger-blame-debug-report.txt
1<?xml version="1.0" encoding="utf-8"?>
2<manifest xmlns:android="http://schemas.android.com/apk/res/android"
3    package="org.hdev.wifiwpspro"
4    android:versionCode="1"
5    android:versionName="1.0" >
6
7    <uses-sdk
8        android:minSdkVersion="16"
8-->src\main\AndroidManifest.xml
9        android:targetSdkVersion="30" />
9-->src\main\AndroidManifest.xml
10
11    <uses-feature android:name="android.hardware.wifi" />
11-->src\main\AndroidManifest.xml:5:5-58
11-->src\main\AndroidManifest.xml:5:19-55
12
13    <uses-permission android:name="android.permission.ACCESS_WIFI_STATE" />
13-->src\main\AndroidManifest.xml:7:5-76
13-->src\main\AndroidManifest.xml:7:22-73
14    <uses-permission android:name="android.permission.ACCESS_NETWORK_STATE" />
14-->src\main\AndroidManifest.xml:8:5-79
14-->src\main\AndroidManifest.xml:8:22-76
15    <uses-permission android:name="android.permission.INTERNET" />
15-->src\main\AndroidManifest.xml:9:5-67
15-->src\main\AndroidManifest.xml:9:22-64
16    <uses-permission android:name="android.permission.CHANGE_WIFI_STATE" />
16-->src\main\AndroidManifest.xml:10:5-76
16-->src\main\AndroidManifest.xml:10:22-73
17    <uses-permission android:name="android.permission.ACCESS_FINE_LOCATION" />
17-->src\main\AndroidManifest.xml:12:5-78
17-->src\main\AndroidManifest.xml:12:22-76
18    <uses-permission android:name="android.permission.ACCESS_COARSE_LOCATION" />
18-->src\main\AndroidManifest.xml:13:5-80
18-->src\main\AndroidManifest.xml:13:22-78
19
20    <application
20-->src\main\AndroidManifest.xml:15:5-29:19
21        android:allowBackup="true"
21-->src\main\AndroidManifest.xml:16:9-35
22        android:appComponentFactory="androidx.core.app.CoreComponentFactory"
22-->[androidx.core:core:1.5.0] AndroidManifest.xml:24:18-86
23        android:debuggable="true"
24        android:icon="@mipmap/ic_launcher"
24-->src\main\AndroidManifest.xml:17:9-43
25        android:label="@string/app_name"
25-->src\main\AndroidManifest.xml:18:9-41
26        android:supportsRtl="true"
26-->src\main\AndroidManifest.xml:19:9-35
27        android:theme="@style/AppTheme.NoActionBar" >
27-->src\main\AndroidManifest.xml:20:9-52
28        <activity android:name="com.w.wifiscanner.MainActivity" >
28-->src\main\AndroidManifest.xml:21:9-27:20
28-->src\main\AndroidManifest.xml:21:19-64
29            <intent-filter>
29-->src\main\AndroidManifest.xml:22:13-26:29
30                <action android:name="android.intent.action.MAIN" />
30-->src\main\AndroidManifest.xml:23:17-69
30-->src\main\AndroidManifest.xml:23:25-66
31
32                <category android:name="android.intent.category.LAUNCHER" />
32-->src\main\AndroidManifest.xml:25:17-77
32-->src\main\AndroidManifest.xml:25:27-74
33            </intent-filter>
34        </activity>
35        <activity android:name="com.w.wifiscanner.Generator" />
35-->src\main\AndroidManifest.xml:28:9-64
35-->src\main\AndroidManifest.xml:28:19-61
36        <!-- Include the AdActivity and InAppPurchaseActivity configChanges and themes. -->
37        <activity
37-->[com.google.android.gms:play-services-ads-lite:11.8.0] AndroidManifest.xml:29:9-33:64
38            android:name="com.google.android.gms.ads.AdActivity"
38-->[com.google.android.gms:play-services-ads-lite:11.8.0] AndroidManifest.xml:30:13-65
39            android:configChanges="keyboard|keyboardHidden|orientation|screenLayout|uiMode|screenSize|smallestScreenSize"
39-->[com.google.android.gms:play-services-ads-lite:11.8.0] AndroidManifest.xml:31:13-122
40            android:exported="false"
40-->[com.google.android.gms:play-services-ads-lite:11.8.0] AndroidManifest.xml:32:13-37
41            android:theme="@android:style/Theme.Translucent" />
41-->[com.google.android.gms:play-services-ads-lite:11.8.0] AndroidManifest.xml:33:13-61
42
43        <meta-data
43-->[com.google.android.gms:play-services-basement:11.8.0] AndroidManifest.xml:23:9-25:69
44            android:name="com.google.android.gms.version"
44-->[com.google.android.gms:play-services-basement:11.8.0] AndroidManifest.xml:24:13-58
45            android:value="@integer/google_play_services_version" />
45-->[com.google.android.gms:play-services-basement:11.8.0] AndroidManifest.xml:25:13-66
46    </application>
47
48</manifest>